\BOOKMARK [0][-]{chapter.1}{\376\377\000C\000l\000a\000s\000s\000\040\000I\000n\000d\000e\000x}{}
\BOOKMARK [1][-]{section.1.1}{\376\377\000C\000l\000a\000s\000s\000\040\000L\000i\000s\000t}{chapter.1}
\BOOKMARK [0][-]{chapter.2}{\376\377\000C\000l\000a\000s\000s\000\040\000D\000o\000c\000u\000m\000e\000n\000t\000a\000t\000i\000o\000n}{}
\BOOKMARK [1][-]{section.2.1}{\376\377\000\137\000G\000L\000M\000g\000r\000o\000u\000p\000\040\000S\000t\000r\000u\000c\000t\000\040\000R\000e\000f\000e\000r\000e\000n\000c\000e}{chapter.2}
\BOOKMARK [1][-]{section.2.2}{\376\377\000\137\000G\000L\000M\000m\000a\000t\000e\000r\000i\000a\000l\000\040\000S\000t\000r\000u\000c\000t\000\040\000R\000e\000f\000e\000r\000e\000n\000c\000e}{chapter.2}
\BOOKMARK [1][-]{section.2.3}{\376\377\000\137\000G\000L\000M\000m\000o\000d\000e\000l\000\040\000S\000t\000r\000u\000c\000t\000\040\000R\000e\000f\000e\000r\000e\000n\000c\000e}{chapter.2}
\BOOKMARK [1][-]{section.2.4}{\376\377\000\137\000G\000L\000M\000n\000o\000d\000e\000\040\000S\000t\000r\000u\000c\000t\000\040\000R\000e\000f\000e\000r\000e\000n\000c\000e}{chapter.2}
\BOOKMARK [1][-]{section.2.5}{\376\377\000\137\000G\000L\000M\000p\000o\000l\000y\000g\000o\000n\000\040\000S\000t\000r\000u\000c\000t\000\040\000R\000e\000f\000e\000r\000e\000n\000c\000e}{chapter.2}
\BOOKMARK [1][-]{section.2.6}{\376\377\000\137\000G\000L\000M\000t\000r\000i\000a\000n\000g\000l\000e\000\040\000S\000t\000r\000u\000c\000t\000\040\000R\000e\000f\000e\000r\000e\000n\000c\000e}{chapter.2}
\BOOKMARK [1][-]{section.2.7}{\376\377\000b\000o\000n\000u\000s\000\040\000S\000t\000r\000u\000c\000t\000\040\000R\000e\000f\000e\000r\000e\000n\000c\000e}{chapter.2}
\BOOKMARK [1][-]{section.2.8}{\376\377\000c\000o\000o\000r\000d\000x\000y\000\040\000S\000t\000r\000u\000c\000t\000\040\000R\000e\000f\000e\000r\000e\000n\000c\000e}{chapter.2}
\BOOKMARK [1][-]{section.2.9}{\376\377\000M\000a\000n\000a\000g\000e\000r\000\040\000C\000l\000a\000s\000s\000\040\000R\000e\000f\000e\000r\000e\000n\000c\000e}{chapter.2}
\BOOKMARK [2][-]{subsection.2.9.1}{\376\377\000D\000e\000t\000a\000i\000l\000e\000d\000\040\000D\000e\000s\000c\000r\000i\000p\000t\000i\000o\000n}{section.2.9}
\BOOKMARK [2][-]{subsection.2.9.2}{\376\377\000M\000e\000m\000b\000e\000r\000\040\000F\000u\000n\000c\000t\000i\000o\000n\000\040\000D\000o\000c\000u\000m\000e\000n\000t\000a\000t\000i\000o\000n}{section.2.9}
\BOOKMARK [3][-]{subsubsection.2.9.2.1}{\376\377\000H\000a\000n\000d\000l\000e\000C\000o\000l\000l\000i\000s\000i\000o\000n}{subsection.2.9.2}
\BOOKMARK [3][-]{subsubsection.2.9.2.2}{\376\377\000U\000p\000d\000a\000t\000e\000V\000e\000l}{subsection.2.9.2}
\BOOKMARK [1][-]{section.2.10}{\376\377\000n\000o\000r\000m\000a\000l\000\040\000S\000t\000r\000u\000c\000t\000\040\000R\000e\000f\000e\000r\000e\000n\000c\000e}{chapter.2}
\BOOKMARK [1][-]{section.2.11}{\376\377\000O\000b\000j\000e\000c\000t\000\040\000C\000l\000a\000s\000s\000\040\000R\000e\000f\000e\000r\000e\000n\000c\000e}{chapter.2}
\BOOKMARK [1][-]{section.2.12}{\376\377\000O\000b\000j\000e\000c\000t\000r\000e\000n\000d\000e\000r\000\040\000C\000l\000a\000s\000s\000\040\000R\000e\000f\000e\000r\000e\000n\000c\000e}{chapter.2}
\BOOKMARK [2][-]{subsection.2.12.1}{\376\377\000C\000o\000n\000s\000t\000r\000u\000c\000t\000o\000r\000\040\000\046\000\040\000D\000e\000s\000t\000r\000u\000c\000t\000o\000r\000\040\000D\000o\000c\000u\000m\000e\000n\000t\000a\000t\000i\000o\000n}{section.2.12}
\BOOKMARK [3][-]{subsubsection.2.12.1.1}{\376\377\000O\000b\000j\000e\000c\000t\000r\000e\000n\000d\000e\000r}{subsection.2.12.1}
\BOOKMARK [2][-]{subsection.2.12.2}{\376\377\000M\000e\000m\000b\000e\000r\000\040\000F\000u\000n\000c\000t\000i\000o\000n\000\040\000D\000o\000c\000u\000m\000e\000n\000t\000a\000t\000i\000o\000n}{section.2.12}
\BOOKMARK [3][-]{subsubsection.2.12.2.1}{\376\377\000L\000o\000a\000d\000B\000M\000P}{subsection.2.12.2}
\BOOKMARK [3][-]{subsubsection.2.12.2.2}{\376\377\000L\000o\000a\000d\000I\000m\000a\000g\000e}{subsection.2.12.2}
\BOOKMARK [3][-]{subsubsection.2.12.2.3}{\376\377\000L\000o\000a\000d\000T\000G\000A}{subsection.2.12.2}
\BOOKMARK [3][-]{subsubsection.2.12.2.4}{\376\377\000R\000e\000n\000d\000e\000r}{subsection.2.12.2}
\BOOKMARK [1][-]{section.2.13}{\376\377\000t\000e\000r\000r\000a\000i\000n\000\040\000C\000l\000a\000s\000s\000\040\000R\000e\000f\000e\000r\000e\000n\000c\000e}{chapter.2}
\BOOKMARK [2][-]{subsection.2.13.1}{\376\377\000D\000e\000t\000a\000i\000l\000e\000d\000\040\000D\000e\000s\000c\000r\000i\000p\000t\000i\000o\000n}{section.2.13}
\BOOKMARK [2][-]{subsection.2.13.2}{\376\377\000C\000o\000n\000s\000t\000r\000u\000c\000t\000o\000r\000\040\000\046\000\040\000D\000e\000s\000t\000r\000u\000c\000t\000o\000r\000\040\000D\000o\000c\000u\000m\000e\000n\000t\000a\000t\000i\000o\000n}{section.2.13}
\BOOKMARK [3][-]{subsubsection.2.13.2.1}{\376\377\000t\000e\000r\000r\000a\000i\000n}{subsection.2.13.2}
\BOOKMARK [2][-]{subsection.2.13.3}{\376\377\000M\000e\000m\000b\000e\000r\000\040\000F\000u\000n\000c\000t\000i\000o\000n\000\040\000D\000o\000c\000u\000m\000e\000n\000t\000a\000t\000i\000o\000n}{section.2.13}
\BOOKMARK [3][-]{subsubsection.2.13.3.1}{\376\377\000g\000e\000t\000H\000e\000i\000g\000h\000t}{subsection.2.13.3}
\BOOKMARK [3][-]{subsubsection.2.13.3.2}{\376\377\000R\000e\000a\000d}{subsection.2.13.3}
\BOOKMARK [3][-]{subsubsection.2.13.3.3}{\376\377\000R\000e\000n\000d\000e\000r}{subsection.2.13.3}
\BOOKMARK [3][-]{subsubsection.2.13.3.4}{\376\377\000R\000e\000n\000d\000e\000r\0001}{subsection.2.13.3}
\BOOKMARK [2][-]{subsection.2.13.4}{\376\377\000M\000e\000m\000b\000e\000r\000\040\000D\000a\000t\000a\000\040\000D\000o\000c\000u\000m\000e\000n\000t\000a\000t\000i\000o\000n}{section.2.13}
\BOOKMARK [3][-]{subsubsection.2.13.4.1}{\376\377\000a\000d}{subsection.2.13.4}
\BOOKMARK [3][-]{subsubsection.2.13.4.2}{\376\377\000d\000a\000t\000a}{subsection.2.13.4}
\BOOKMARK [3][-]{subsubsection.2.13.4.3}{\376\377\000h\000e\000i\000g\000h\000t\000m\000a\000p}{subsection.2.13.4}
\BOOKMARK [3][-]{subsubsection.2.13.4.4}{\376\377\000i\000d\000s}{subsection.2.13.4}
\BOOKMARK [3][-]{subsubsection.2.13.4.5}{\376\377\000n\000o\000r\000m\000a\000l\000s}{subsection.2.13.4}
\BOOKMARK [3][-]{subsubsection.2.13.4.6}{\376\377\000p\000a\000t\000h\000n\000a\000m\000e}{subsection.2.13.4}
\BOOKMARK [3][-]{subsubsection.2.13.4.7}{\376\377\000t\000e\000r\000r\000a\000i\000n\000h\000e\000i\000g\000h\000t}{subsection.2.13.4}
\BOOKMARK [3][-]{subsubsection.2.13.4.8}{\376\377\000t\000e\000r\000r\000a\000i\000n\000w\000i\000d\000t\000h}{subsection.2.13.4}
\BOOKMARK [3][-]{subsubsection.2.13.4.9}{\376\377\000t\000e\000x\000t\000u\000r\000e\000s}{subsection.2.13.4}
\BOOKMARK [1][-]{section.2.14}{\376\377\000T\000e\000x\000t\000u\000r\000e\000\040\000C\000l\000a\000s\000s\000\040\000R\000e\000f\000e\000r\000e\000n\000c\000e}{chapter.2}
\BOOKMARK [2][-]{subsection.2.14.1}{\376\377\000D\000e\000t\000a\000i\000l\000e\000d\000\040\000D\000e\000s\000c\000r\000i\000p\000t\000i\000o\000n}{section.2.14}
\BOOKMARK [2][-]{subsection.2.14.2}{\376\377\000C\000o\000n\000s\000t\000r\000u\000c\000t\000o\000r\000\040\000\046\000\040\000D\000e\000s\000t\000r\000u\000c\000t\000o\000r\000\040\000D\000o\000c\000u\000m\000e\000n\000t\000a\000t\000i\000o\000n}{section.2.14}
\BOOKMARK [3][-]{subsubsection.2.14.2.1}{\376\377\000T\000e\000x\000t\000u\000r\000e}{subsection.2.14.2}
\BOOKMARK [3][-]{subsubsection.2.14.2.2}{\376\377\000T\000e\000x\000t\000u\000r\000e}{subsection.2.14.2}
\BOOKMARK [2][-]{subsection.2.14.3}{\376\377\000M\000e\000m\000b\000e\000r\000\040\000F\000u\000n\000c\000t\000i\000o\000n\000\040\000D\000o\000c\000u\000m\000e\000n\000t\000a\000t\000i\000o\000n}{section.2.14}
\BOOKMARK [3][-]{subsubsection.2.14.3.1}{\376\377\000g\000e\000t\000H\000e\000i\000g\000h\000t}{subsection.2.14.3}
\BOOKMARK [3][-]{subsubsection.2.14.3.2}{\376\377\000L\000o\000a\000d\000I\000m\000a\000g\000e}{subsection.2.14.3}
\BOOKMARK [3][-]{subsubsection.2.14.3.3}{\376\377\000R\000e\000n\000d\000e\000r}{subsection.2.14.3}
\BOOKMARK [2][-]{subsection.2.14.4}{\376\377\000M\000e\000m\000b\000e\000r\000\040\000D\000a\000t\000a\000\040\000D\000o\000c\000u\000m\000e\000n\000t\000a\000t\000i\000o\000n}{section.2.14}
\BOOKMARK [3][-]{subsubsection.2.14.4.1}{\376\377\000d\000a\000t\000a}{subsection.2.14.4}
\BOOKMARK [3][-]{subsubsection.2.14.4.2}{\376\377\000p\000i\000c}{subsection.2.14.4}
\BOOKMARK [1][-]{section.2.15}{\376\377\000V\000e\000c\000t\000o\000r\0003\000D\000\040\000C\000l\000a\000s\000s\000\040\000R\000e\000f\000e\000r\000e\000n\000c\000e}{chapter.2}
\BOOKMARK [2][-]{subsection.2.15.1}{\376\377\000D\000e\000t\000a\000i\000l\000e\000d\000\040\000D\000e\000s\000c\000r\000i\000p\000t\000i\000o\000n}{section.2.15}
\BOOKMARK [2][-]{subsection.2.15.2}{\376\377\000C\000o\000n\000s\000t\000r\000u\000c\000t\000o\000r\000\040\000\046\000\040\000D\000e\000s\000t\000r\000u\000c\000t\000o\000r\000\040\000D\000o\000c\000u\000m\000e\000n\000t\000a\000t\000i\000o\000n}{section.2.15}
\BOOKMARK [3][-]{subsubsection.2.15.2.1}{\376\377\000V\000e\000c\000t\000o\000r\0003\000D}{subsection.2.15.2}
\BOOKMARK [3][-]{subsubsection.2.15.2.2}{\376\377\000V\000e\000c\000t\000o\000r\0003\000D}{subsection.2.15.2}
\BOOKMARK [3][-]{subsubsection.2.15.2.3}{\376\377\000V\000e\000c\000t\000o\000r\0003\000D}{subsection.2.15.2}
\BOOKMARK [2][-]{subsection.2.15.3}{\376\377\000M\000e\000m\000b\000e\000r\000\040\000F\000u\000n\000c\000t\000i\000o\000n\000\040\000D\000o\000c\000u\000m\000e\000n\000t\000a\000t\000i\000o\000n}{section.2.15}
\BOOKMARK [3][-]{subsubsection.2.15.3.1}{\376\377\000\137\000c\000r\000o\000s\000s}{subsection.2.15.3}
\BOOKMARK [3][-]{subsubsection.2.15.3.2}{\376\377\000\137\000n\000e\000g\000a\000t\000e}{subsection.2.15.3}
\BOOKMARK [3][-]{subsubsection.2.15.3.3}{\376\377\000\137\000n\000o\000r\000m\000a\000l\000i\000z\000e}{subsection.2.15.3}
\BOOKMARK [3][-]{subsubsection.2.15.3.4}{\376\377\000c\000r\000o\000s\000s}{subsection.2.15.3}
\BOOKMARK [3][-]{subsubsection.2.15.3.5}{\376\377\000d\000o\000t}{subsection.2.15.3}
\BOOKMARK [3][-]{subsubsection.2.15.3.6}{\376\377\000d\000o\000t}{subsection.2.15.3}
\BOOKMARK [3][-]{subsubsection.2.15.3.7}{\376\377\000m\000o\000d}{subsection.2.15.3}
\BOOKMARK [3][-]{subsubsection.2.15.3.8}{\376\377\000o\000p\000e\000r\000a\000t\000o\000r}{subsection.2.15.3}
\BOOKMARK [3][-]{subsubsection.2.15.3.9}{\376\377\000o\000p\000e\000r\000a\000t\000o\000r\000=}{subsection.2.15.3}
\BOOKMARK [3][-]{subsubsection.2.15.3.10}{\376\377\000o\000p\000e\000r\000a\000t\000o\000r\000+}{subsection.2.15.3}
\BOOKMARK [3][-]{subsubsection.2.15.3.11}{\376\377\000o\000p\000e\000r\000a\000t\000o\000r\000+\000=}{subsection.2.15.3}
\BOOKMARK [3][-]{subsubsection.2.15.3.12}{\376\377\000o\000p\000e\000r\000a\000t\000o\000r\000-}{subsection.2.15.3}
\BOOKMARK [3][-]{subsubsection.2.15.3.13}{\376\377\000o\000p\000e\000r\000a\000t\000o\000r\000-\000=}{subsection.2.15.3}
\BOOKMARK [3][-]{subsubsection.2.15.3.14}{\376\377\000o\000p\000e\000r\000a\000t\000o\000r\000=}{subsection.2.15.3}
\BOOKMARK [3][-]{subsubsection.2.15.3.15}{\376\377\000p\000r\000o\000j\000e\000c\000t}{subsection.2.15.3}
\BOOKMARK [3][-]{subsubsection.2.15.3.16}{\376\377\000p\000r\000o\000j\000e\000c\000t}{subsection.2.15.3}
\BOOKMARK [3][-]{subsubsection.2.15.3.17}{\376\377\000t\000o\000S\000t\000r\000i\000n\000g}{subsection.2.15.3}
\BOOKMARK [3][-]{subsubsection.2.15.3.18}{\376\377\000u\000n\000i\000t}{subsection.2.15.3}
\BOOKMARK [3][-]{subsubsection.2.15.3.19}{\376\377\000u\000n\000i\000t}{subsection.2.15.3}
\BOOKMARK [2][-]{subsection.2.15.4}{\376\377\000M\000e\000m\000b\000e\000r\000\040\000D\000a\000t\000a\000\040\000D\000o\000c\000u\000m\000e\000n\000t\000a\000t\000i\000o\000n}{section.2.15}
\BOOKMARK [3][-]{subsubsection.2.15.4.1}{\376\377\000z}{subsection.2.15.4}
